<?xml version="1.0" encoding="UTF-8" ?>
<testsuite tests="4" failures="0" name="testrunner.RunCucumber" time="0.007" errors="0" skipped="0">
  <properties>
[...]
</properties>
  <testcase classname="Scenario: To test new registration" name="Given As a new user i open the RSS component url in browser" time="0.007"/>
  <testcase classname="Scenario: To test new registration" name="When application is loaded fully" time="0"/>
  <testcase classname="Scenario: To test new registration" name="Then I need to see the mandatory attributes" time="0"/>
  <testcase classname="Scenario: To test new registration" name="Scenario: To test new registration" time="0"/>
</testsuite>